Build started 05/05/2014 15:22:08.
     1>Project "C:\Users\Gilles\Documents\Visual Studio 2012\Projects\GEPAStart(3)\GEPA_Project\GEPAStart\DirectXTK\DirectXTK_Desktop_2012.vcxproj" on node 2 (Build target(s)).
     1>ClCompile:
         D:\Software\VisualStudio\VC\bin\CL.exe /c /I"C:\Users\Gilles\Documents\Visual Studio 2012\Projects\GEPAStart(3)\GEPA_Project\GEPAStart\DirectXTK\Inc" /ZI /nologo /W4 /WX- /Od /Oy- /D _WIN32_WINNT=0x0600 /D _WIN7_PLATFORM_UPDATE /D WIN32 /D _DEBUG /D _LIB /D _UNICODE /D UNICODE /Gm /EHsc /RTC1 /MDd /GS /arch:SSE2 /fp:fast /Zc:wchar_t /Zc:forScope /Yc"pch.h" /Fp"Bin\Desktop_2012\Win32\Debug\DirectXTK.pch" /Fo"Bin\Desktop_2012\Win32\Debug\\" /Fd"Bin\Desktop_2012\Win32\Debug\DirectXTK.pdb" /Gd /TP /analyze- /errorReport:prompt Src\pch.cpp
         pch.cpp
         D:\Software\VisualStudio\VC\bin\CL.exe /c /I"C:\Users\Gilles\Documents\Visual Studio 2012\Projects\GEPAStart(3)\GEPA_Project\GEPAStart\DirectXTK\Inc" /ZI /nologo /W4 /WX- /Od /Oy- /D _WIN32_WINNT=0x0600 /D _WIN7_PLATFORM_UPDATE /D WIN32 /D _DEBUG /D _LIB /D _UNICODE /D UNICODE /Gm /EHsc /RTC1 /MDd /GS /arch:SSE2 /fp:fast /Zc:wchar_t /Zc:forScope /Yu"pch.h" /Fp"Bin\Desktop_2012\Win32\Debug\DirectXTK.pch" /Fo"Bin\Desktop_2012\Win32\Debug\\" /Fd"Bin\Desktop_2012\Win32\Debug\DirectXTK.pdb" /Gd /TP /analyze- /errorReport:prompt Src\AlphaTestEffect.cpp Src\BasicEffect.cpp Src\CommonStates.cpp Src\DDSTextureLoader.cpp Src\DualTextureEffect.cpp Src\BinaryReader.cpp Src\EffectCommon.cpp Src\EffectFactory.cpp Src\EnvironmentMapEffect.cpp Src\GeometricPrimitive.cpp Src\Model.cpp Src\ModelLoadCMO.cpp Src\ModelLoadSDKMESH.cpp Src\ScreenGrab.cpp Src\SkinnedEffect.cpp Src\SpriteBatch.cpp Src\PrimitiveBatch.cpp Src\SpriteFont.cpp Src\VertexTypes.cpp Src\WICTextureLoader.cpp
         WICTextureLoader.cpp
         VertexTypes.cpp
         SpriteFont.cpp
         PrimitiveBatch.cpp
         SpriteBatch.cpp
         SkinnedEffect.cpp
         ScreenGrab.cpp
         ModelLoadSDKMESH.cpp
         ModelLoadCMO.cpp
         Model.cpp
         GeometricPrimitive.cpp
         EnvironmentMapEffect.cpp
         EffectFactory.cpp
         EffectCommon.cpp
         BinaryReader.cpp
         DualTextureEffect.cpp
         DDSTextureLoader.cpp
         CommonStates.cpp
         BasicEffect.cpp
         AlphaTestEffect.cpp
         Generating Code...
       Lib:
         D:\Software\VisualStudio\VC\bin\Lib.exe /OUT:"Bin\Desktop_2012\Win32\Debug\DirectXTK.lib" /NOLOGO Bin\Desktop_2012\Win32\Debug\AlphaTestEffect.obj
         Bin\Desktop_2012\Win32\Debug\BasicEffect.obj
         Bin\Desktop_2012\Win32\Debug\CommonStates.obj
         Bin\Desktop_2012\Win32\Debug\DDSTextureLoader.obj
         Bin\Desktop_2012\Win32\Debug\DualTextureEffect.obj
         Bin\Desktop_2012\Win32\Debug\BinaryReader.obj
         Bin\Desktop_2012\Win32\Debug\EffectCommon.obj
         Bin\Desktop_2012\Win32\Debug\EffectFactory.obj
         Bin\Desktop_2012\Win32\Debug\EnvironmentMapEffect.obj
         Bin\Desktop_2012\Win32\Debug\GeometricPrimitive.obj
         Bin\Desktop_2012\Win32\Debug\Model.obj
         Bin\Desktop_2012\Win32\Debug\ModelLoadCMO.obj
         Bin\Desktop_2012\Win32\Debug\ModelLoadSDKMESH.obj
         Bin\Desktop_2012\Win32\Debug\pch.obj
         Bin\Desktop_2012\Win32\Debug\ScreenGrab.obj
         Bin\Desktop_2012\Win32\Debug\SkinnedEffect.obj
         Bin\Desktop_2012\Win32\Debug\SpriteBatch.obj
         Bin\Desktop_2012\Win32\Debug\PrimitiveBatch.obj
         Bin\Desktop_2012\Win32\Debug\SpriteFont.obj
         Bin\Desktop_2012\Win32\Debug\VertexTypes.obj
         Bin\Desktop_2012\Win32\Debug\WICTextureLoader.obj
         DirectXTK_Desktop_2012.vcxproj -> C:\Users\Gilles\Documents\Visual Studio 2012\Projects\GEPAStart(3)\GEPA_Project\GEPAStart\DirectXTK\Bin\Desktop_2012\Win32\Debug\DirectXTK.lib
     1>Done Building Project "C:\Users\Gilles\Documents\Visual Studio 2012\Projects\GEPAStart(3)\GEPA_Project\GEPAStart\DirectXTK\DirectXTK_Desktop_2012.vcxproj" (Build target(s)).

Build succeeded.

Time Elapsed 00:00:09.35
