C:\USERS\PFB1\DESKTOP\SIMPLESAMPLE\C++\DIRECTXTK\BIN\DESKTOP_2012\WIN32\DEBUG\DIRECTXTK.PCH
C:\USERS\PFB1\DESKTOP\SIMPLESAMPLE\C++\DIRECTXTK\BIN\DESKTOP_2012\WIN32\DEBUG\PCH.OBJ
C:\USERS\PFB1\DESKTOP\SIMPLESAMPLE\C++\DIRECTXTK\BIN\DESKTOP_2012\WIN32\DEBUG\DIRECTXTK.PDB
C:\USERS\PFB1\DESKTOP\SIMPLESAMPLE\C++\DIRECTXTK\BIN\DESKTOP_2012\WIN32\DEBUG\ALPHATESTEFFECT.OBJ
C:\USERS\PFB1\DESKTOP\SIMPLESAMPLE\C++\DIRECTXTK\BIN\DESKTOP_2012\WIN32\DEBUG\BASICEFFECT.OBJ
C:\USERS\PFB1\DESKTOP\SIMPLESAMPLE\C++\DIRECTXTK\BIN\DESKTOP_2012\WIN32\DEBUG\COMMONSTATES.OBJ
C:\USERS\PFB1\DESKTOP\SIMPLESAMPLE\C++\DIRECTXTK\BIN\DESKTOP_2012\WIN32\DEBUG\DDSTEXTURELOADER.OBJ
C:\USERS\PFB1\DESKTOP\SIMPLESAMPLE\C++\DIRECTXTK\BIN\DESKTOP_2012\WIN32\DEBUG\DUALTEXTUREEFFECT.OBJ
C:\USERS\PFB1\DESKTOP\SIMPLESAMPLE\C++\DIRECTXTK\BIN\DESKTOP_2012\WIN32\DEBUG\BINARYREADER.OBJ
C:\USERS\PFB1\DESKTOP\SIMPLESAMPLE\C++\DIRECTXTK\BIN\DESKTOP_2012\WIN32\DEBUG\EFFECTCOMMON.OBJ
C:\USERS\PFB1\DESKTOP\SIMPLESAMPLE\C++\DIRECTXTK\BIN\DESKTOP_2012\WIN32\DEBUG\EFFECTFACTORY.OBJ
C:\USERS\PFB1\DESKTOP\SIMPLESAMPLE\C++\DIRECTXTK\BIN\DESKTOP_2012\WIN32\DEBUG\ENVIRONMENTMAPEFFECT.OBJ
C:\USERS\PFB1\DESKTOP\SIMPLESAMPLE\C++\DIRECTXTK\BIN\DESKTOP_2012\WIN32\DEBUG\GEOMETRICPRIMITIVE.OBJ
C:\USERS\PFB1\DESKTOP\SIMPLESAMPLE\C++\DIRECTXTK\BIN\DESKTOP_2012\WIN32\DEBUG\MODEL.OBJ
C:\USERS\PFB1\DESKTOP\SIMPLESAMPLE\C++\DIRECTXTK\BIN\DESKTOP_2012\WIN32\DEBUG\MODELLOADCMO.OBJ
C:\USERS\PFB1\DESKTOP\SIMPLESAMPLE\C++\DIRECTXTK\BIN\DESKTOP_2012\WIN32\DEBUG\MODELLOADSDKMESH.OBJ
C:\USERS\PFB1\DESKTOP\SIMPLESAMPLE\C++\DIRECTXTK\BIN\DESKTOP_2012\WIN32\DEBUG\SCREENGRAB.OBJ
C:\USERS\PFB1\DESKTOP\SIMPLESAMPLE\C++\DIRECTXTK\BIN\DESKTOP_2012\WIN32\DEBUG\SKINNEDEFFECT.OBJ
C:\USERS\PFB1\DESKTOP\SIMPLESAMPLE\C++\DIRECTXTK\BIN\DESKTOP_2012\WIN32\DEBUG\SPRITEBATCH.OBJ
C:\USERS\PFB1\DESKTOP\SIMPLESAMPLE\C++\DIRECTXTK\BIN\DESKTOP_2012\WIN32\DEBUG\PRIMITIVEBATCH.OBJ
C:\USERS\PFB1\DESKTOP\SIMPLESAMPLE\C++\DIRECTXTK\BIN\DESKTOP_2012\WIN32\DEBUG\SPRITEFONT.OBJ
C:\USERS\PFB1\DESKTOP\SIMPLESAMPLE\C++\DIRECTXTK\BIN\DESKTOP_2012\WIN32\DEBUG\VERTEXTYPES.OBJ
C:\USERS\PFB1\DESKTOP\SIMPLESAMPLE\C++\DIRECTXTK\BIN\DESKTOP_2012\WIN32\DEBUG\WICTEXTURELOADER.OBJ
C:\USERS\PFB1\DESKTOP\SIMPLESAMPLE\C++\DIRECTXTK\BIN\DESKTOP_2012\WIN32\DEBUG\DIRECTXTK.LIB
C:\Users\pfb1\Desktop\SimpleSample\C++\DirectXTK\Bin\Desktop_2012\Win32\Debug\AlphaTestEffect.obj
C:\Users\pfb1\Desktop\SimpleSample\C++\DirectXTK\Bin\Desktop_2012\Win32\Debug\BasicEffect.obj
C:\Users\pfb1\Desktop\SimpleSample\C++\DirectXTK\Bin\Desktop_2012\Win32\Debug\BinaryReader.obj
C:\Users\pfb1\Desktop\SimpleSample\C++\DirectXTK\Bin\Desktop_2012\Win32\Debug\CommonStates.obj
C:\Users\pfb1\Desktop\SimpleSample\C++\DirectXTK\Bin\Desktop_2012\Win32\Debug\DDSTextureLoader.obj
C:\Users\pfb1\Desktop\SimpleSample\C++\DirectXTK\Bin\Desktop_2012\Win32\Debug\DualTextureEffect.obj
C:\Users\pfb1\Desktop\SimpleSample\C++\DirectXTK\Bin\Desktop_2012\Win32\Debug\EffectCommon.obj
C:\Users\pfb1\Desktop\SimpleSample\C++\DirectXTK\Bin\Desktop_2012\Win32\Debug\EffectFactory.obj
C:\Users\pfb1\Desktop\SimpleSample\C++\DirectXTK\Bin\Desktop_2012\Win32\Debug\EnvironmentMapEffect.obj
C:\Users\pfb1\Desktop\SimpleSample\C++\DirectXTK\Bin\Desktop_2012\Win32\Debug\GeometricPrimitive.obj
C:\Users\pfb1\Desktop\SimpleSample\C++\DirectXTK\Bin\Desktop_2012\Win32\Debug\Model.obj
C:\Users\pfb1\Desktop\SimpleSample\C++\DirectXTK\Bin\Desktop_2012\Win32\Debug\ModelLoadCMO.obj
C:\Users\pfb1\Desktop\SimpleSample\C++\DirectXTK\Bin\Desktop_2012\Win32\Debug\ModelLoadSDKMESH.obj
C:\Users\pfb1\Desktop\SimpleSample\C++\DirectXTK\Bin\Desktop_2012\Win32\Debug\pch.obj
C:\Users\pfb1\Desktop\SimpleSample\C++\DirectXTK\Bin\Desktop_2012\Win32\Debug\PrimitiveBatch.obj
C:\Users\pfb1\Desktop\SimpleSample\C++\DirectXTK\Bin\Desktop_2012\Win32\Debug\ScreenGrab.obj
C:\Users\pfb1\Desktop\SimpleSample\C++\DirectXTK\Bin\Desktop_2012\Win32\Debug\SkinnedEffect.obj
C:\Users\pfb1\Desktop\SimpleSample\C++\DirectXTK\Bin\Desktop_2012\Win32\Debug\SpriteBatch.obj
C:\Users\pfb1\Desktop\SimpleSample\C++\DirectXTK\Bin\Desktop_2012\Win32\Debug\SpriteFont.obj
C:\Users\pfb1\Desktop\SimpleSample\C++\DirectXTK\Bin\Desktop_2012\Win32\Debug\VertexTypes.obj
C:\Users\pfb1\Desktop\SimpleSample\C++\DirectXTK\Bin\Desktop_2012\Win32\Debug\WICTextureLoader.obj
C:\Users\pfb1\Desktop\SimpleSample\C++\DirectXTK\Bin\Desktop_2012\Win32\Debug\cl.command.1.tlog
C:\Users\pfb1\Desktop\SimpleSample\C++\DirectXTK\Bin\Desktop_2012\Win32\Debug\CL.read.1.tlog
C:\Users\pfb1\Desktop\SimpleSample\C++\DirectXTK\Bin\Desktop_2012\Win32\Debug\CL.write.1.tlog
C:\Users\pfb1\Desktop\SimpleSample\C++\DirectXTK\Bin\Desktop_2012\Win32\Debug\Lib-link.read.1.tlog
C:\Users\pfb1\Desktop\SimpleSample\C++\DirectXTK\Bin\Desktop_2012\Win32\Debug\Lib-link.write.1.tlog
C:\Users\pfb1\Desktop\SimpleSample\C++\DirectXTK\Bin\Desktop_2012\Win32\Debug\lib.command.1.tlog
C:\Users\pfb1\Desktop\SimpleSample\C++\DirectXTK\Bin\Desktop_2012\Win32\Debug\DirectXTK.pch
C:\Users\pfb1\Desktop\SimpleSample\C++\DirectXTK\Bin\Desktop_2012\Win32\Debug\DirectXTK.idb
C:\Users\pfb1\Desktop\SimpleSample\C++\DirectXTK\Bin\Desktop_2012\Win32\Debug\directxtk.pdb
C:\Users\pfb1\Desktop\SimpleSample\C++\DirectXTK\Bin\Desktop_2012\Win32\Debug\DirectXTK.lib
