Build started 04/12/2013 21:41:35.
     1>Project "C:\Users\Gilles\documents\visual studio 2012\Projects\GameEngineProject\GameEngineProject\DirectXTK\DirectXTK_Desktop_2012.vcxproj" on node 2 (Build target(s)).
     1>ClCompile:
         D:\Software\VisualStudio\VC\bin\CL.exe /c /I"C:\Users\Gilles\documents\visual studio 2012\Projects\GameEngineProject\GameEngineProject\DirectXTK\Inc" /Zi /nologo /W4 /WX- /O2 /Oi /Oy- /GL /D _WIN32_WINNT=0x0600 /D _WIN7_PLATFORM_UPDATE /D WIN32 /D NDEBUG /D _LIB /D _UNICODE /D UNICODE /Gm- /EHsc /MD /GS /Gy /arch:SSE2 /fp:fast /Zc:wchar_t /Zc:forScope /Yc"pch.h" /Fp"Bin\Desktop_2012\Win32\Release\DirectXTK.pch" /Fo"Bin\Desktop_2012\Win32\Release\\" /Fd"Bin\Desktop_2012\Win32\Release\DirectXTK.pdb" /Gd /TP /analyze- /errorReport:prompt Src\pch.cpp
         pch.cpp
         D:\Software\VisualStudio\VC\bin\CL.exe /c /I"C:\Users\Gilles\documents\visual studio 2012\Projects\GameEngineProject\GameEngineProject\DirectXTK\Inc" /Zi /nologo /W4 /WX- /O2 /Oi /Oy- /GL /D _WIN32_WINNT=0x0600 /D _WIN7_PLATFORM_UPDATE /D WIN32 /D NDEBUG /D _LIB /D _UNICODE /D UNICODE /Gm- /EHsc /MD /GS /Gy /arch:SSE2 /fp:fast /Zc:wchar_t /Zc:forScope /Yu"pch.h" /Fp"Bin\Desktop_2012\Win32\Release\DirectXTK.pch" /Fo"Bin\Desktop_2012\Win32\Release\\" /Fd"Bin\Desktop_2012\Win32\Release\DirectXTK.pdb" /Gd /TP /analyze- /errorReport:prompt Src\AlphaTestEffect.cpp Src\BasicEffect.cpp Src\CommonStates.cpp Src\DDSTextureLoader.cpp Src\DualTextureEffect.cpp Src\BinaryReader.cpp Src\EffectCommon.cpp Src\EffectFactory.cpp Src\EnvironmentMapEffect.cpp Src\GeometricPrimitive.cpp Src\Model.cpp Src\ModelLoadCMO.cpp Src\ModelLoadSDKMESH.cpp Src\ScreenGrab.cpp Src\SkinnedEffect.cpp Src\SpriteBatch.cpp Src\PrimitiveBatch.cpp Src\SpriteFont.cpp Src\VertexTypes.cpp Src\WICTextureLoader.cpp
         AlphaTestEffect.cpp
         BasicEffect.cpp
         CommonStates.cpp
         DDSTextureLoader.cpp
         DualTextureEffect.cpp
         BinaryReader.cpp
         EffectCommon.cpp
         EffectFactory.cpp
         EnvironmentMapEffect.cpp
         GeometricPrimitive.cpp
         Model.cpp
         ModelLoadCMO.cpp
         ModelLoadSDKMESH.cpp
         ScreenGrab.cpp
         SkinnedEffect.cpp
         SpriteBatch.cpp
         PrimitiveBatch.cpp
         SpriteFont.cpp
         VertexTypes.cpp
         WICTextureLoader.cpp
       Lib:
         D:\Software\VisualStudio\VC\bin\Lib.exe /OUT:"Bin\Desktop_2012\Win32\Release\DirectXTK.lib" /NOLOGO /LTCG Bin\Desktop_2012\Win32\Release\AlphaTestEffect.obj
         Bin\Desktop_2012\Win32\Release\BasicEffect.obj
         Bin\Desktop_2012\Win32\Release\CommonStates.obj
         Bin\Desktop_2012\Win32\Release\DDSTextureLoader.obj
         Bin\Desktop_2012\Win32\Release\DualTextureEffect.obj
         Bin\Desktop_2012\Win32\Release\BinaryReader.obj
         Bin\Desktop_2012\Win32\Release\EffectCommon.obj
         Bin\Desktop_2012\Win32\Release\EffectFactory.obj
         Bin\Desktop_2012\Win32\Release\EnvironmentMapEffect.obj
         Bin\Desktop_2012\Win32\Release\GeometricPrimitive.obj
         Bin\Desktop_2012\Win32\Release\Model.obj
         Bin\Desktop_2012\Win32\Release\ModelLoadCMO.obj
         Bin\Desktop_2012\Win32\Release\ModelLoadSDKMESH.obj
         Bin\Desktop_2012\Win32\Release\pch.obj
         Bin\Desktop_2012\Win32\Release\ScreenGrab.obj
         Bin\Desktop_2012\Win32\Release\SkinnedEffect.obj
         Bin\Desktop_2012\Win32\Release\SpriteBatch.obj
         Bin\Desktop_2012\Win32\Release\PrimitiveBatch.obj
         Bin\Desktop_2012\Win32\Release\SpriteFont.obj
         Bin\Desktop_2012\Win32\Release\VertexTypes.obj
         Bin\Desktop_2012\Win32\Release\WICTextureLoader.obj
         DirectXTK_Desktop_2012.vcxproj -> C:\Users\Gilles\documents\visual studio 2012\Projects\GameEngineProject\GameEngineProject\DirectXTK\Bin\Desktop_2012\Win32\Release\DirectXTK.lib
     1>Done Building Project "C:\Users\Gilles\documents\visual studio 2012\Projects\GameEngineProject\GameEngineProject\DirectXTK\DirectXTK_Desktop_2012.vcxproj" (Build target(s)).

Build succeeded.

Time Elapsed 00:00:10.20
